<?xml version="1.0" encoding="UTF-8"?>
<!-- Generated by org.testng.reporters.JUnitXMLReporter -->
<testsuite ignored="4" hostname="TEPL-THN-WS649" failures="0" tests="12" name="Offline test" time="44.895" errors="0" timestamp="2024-05-02T12:05:04 IST">
  <testcase classname="ProcurementStages.RequesterLogin" name="login" time="2.887"/>
  <testcase classname="ProcurementStages.RequesterLogin" name="newProcurement" time="2.044"/>
  <testcase classname="ProcurementStages.RequesterLogin" name="flush" time="0.372"/>
  <testcase classname="ProcurementStages.HODapproval" name="login" time="1.154"/>
  <testcase classname="ProcurementStages.HODapproval" name="requestNotification" time="4.126"/>
  <testcase classname="ProcurementStages.HODapproval" name="requestApprovalHOD" time="10.058"/>
  <testcase classname="ProcurementStages.HODapproval" name="flush" time="0.924"/>
  <testcase classname="ProcurementStages.AccountHeadApproval" name="login" time="4.67"/>
  <testcase classname="ProcurementStages.AccountHeadApproval" name="requestNotification" time="4.108"/>
  <testcase classname="ProcurementStages.AccountHeadApproval" name="vendorDetails" time="6.324"/>
  <testcase classname="ProcurementStages.AccountHeadApproval" name="requestApproving" time="7.798"/>
  <testcase classname="ProcurementStages.AccountHeadApproval" name="flush" time="0.322"/>
  <testcase classname="BaseTest.BaseTest" name="@BeforeSuite browser" time="0.0">
    <ignored/>
  </testcase> <!-- @BeforeSuite browser -->
  <testcase classname="BaseTest.BaseTest" name="@BeforeSuite browser" time="0.0">
    <ignored/>
  </testcase> <!-- @BeforeSuite browser -->
  <testcase classname="BaseTest.BaseTest" name="@AfterSuite closing" time="0.0">
    <ignored/>
  </testcase> <!-- @AfterSuite closing -->
  <testcase classname="BaseTest.BaseTest" name="@AfterSuite closing" time="0.0">
    <ignored/>
  </testcase> <!-- @AfterSuite closing -->
</testsuite> <!-- Offline test -->
