<?xml version="1.0" encoding="UTF-8"?>
<!-- Generated by org.testng.reporters.JUnitXMLReporter -->
<testsuite ignored="4" hostname="TEPL-THN-WS649" failures="0" tests="12" name="Test" time="42.451" errors="0" timestamp="2024-05-02T11:22:43 IST">
  <testcase classname="ProcurementStages.RequesterLogin" name="login" time="2.542"/>
  <testcase classname="ProcurementStages.RequesterLogin" name="newProcurement" time="4.18"/>
  <testcase classname="ProcurementStages.RequesterLogin" name="flush" time="0.399"/>
  <testcase classname="ProcurementStages.HODapproval" name="login" time="1.131"/>
  <testcase classname="ProcurementStages.HODapproval" name="requestNotification" time="4.114"/>
  <testcase classname="ProcurementStages.HODapproval" name="requestApprovalHOD" time="10.358"/>
  <testcase classname="ProcurementStages.HODapproval" name="flush" time="0.272"/>
  <testcase classname="ProcurementStages.AccountHeadApproval" name="login" time="1.05"/>
  <testcase classname="ProcurementStages.AccountHeadApproval" name="requestNotification" time="4.133"/>
  <testcase classname="ProcurementStages.AccountHeadApproval" name="vendorDetails" time="6.528"/>
  <testcase classname="ProcurementStages.AccountHeadApproval" name="requestApproving" time="7.344"/>
  <testcase classname="ProcurementStages.AccountHeadApproval" name="flush" time="0.287"/>
  <testcase classname="BaseTest.BaseTest" name="@BeforeSuite browser" time="0.0">
    <ignored/>
  </testcase> <!-- @BeforeSuite browser -->
  <testcase classname="BaseTest.BaseTest" name="@BeforeSuite browser" time="0.0">
    <ignored/>
  </testcase> <!-- @BeforeSuite browser -->
  <testcase classname="BaseTest.BaseTest" name="@AfterSuite closing" time="0.0">
    <ignored/>
  </testcase> <!-- @AfterSuite closing -->
  <testcase classname="BaseTest.BaseTest" name="@AfterSuite closing" time="0.0">
    <ignored/>
  </testcase> <!-- @AfterSuite closing -->
</testsuite> <!-- Test -->
