<?xml version="1.0" encoding="UTF-8"?>
<testng-results ignored="4" total="16" passed="12" failed="0" skipped="0">
  <reporter-output>
  </reporter-output>
  <suite started-at="2024-05-23T16:56:13 IST" name="E-Enginnering online new procurement" finished-at="2024-05-23T16:56:51 IST" duration-ms="37804">
    <groups>
    </groups>
    <test started-at="2024-05-23T16:56:13 IST" name="Online test" finished-at="2024-05-23T16:56:51 IST" duration-ms="37804">
      <class name="ProcurementStages.HODapproval">
        <test-method signature="login()[pri:1, instance:ProcurementStages.HODapproval@28dcca0c]" started-at="2024-05-23T16:56:18 IST" name="login" description="Login as an HOD" finished-at="2024-05-23T16:56:19 IST" duration-ms="1104" status="PASS">
          <reporter-output>
          </reporter-output>
        </test-method> <!-- login -->
        <test-method signature="requestNotification()[pri:2, instance:ProcurementStages.HODapproval@28dcca0c]" started-at="2024-05-23T16:56:19 IST" name="requestNotification" description="Opening newly submitted request from requester" finished-at="2024-05-23T16:56:23 IST" duration-ms="4126" status="PASS">
          <reporter-output>
          </reporter-output>
        </test-method> <!-- requestNotification -->
        <test-method signature="requestApprovalHOD()[pri:3, instance:ProcurementStages.HODapproval@28dcca0c]" started-at="2024-05-23T16:56:23 IST" name="requestApprovalHOD" description="Approving the request by HOD" finished-at="2024-05-23T16:56:33 IST" duration-ms="10013" status="PASS">
          <reporter-output>
          </reporter-output>
        </test-method> <!-- requestApprovalHOD -->
        <test-method signature="flush()[pri:4, instance:ProcurementStages.HODapproval@28dcca0c]" started-at="2024-05-23T16:56:33 IST" name="flush" description="Ending the approval process from HOD side" finished-at="2024-05-23T16:56:34 IST" duration-ms="298" status="PASS">
          <reporter-output>
          </reporter-output>
        </test-method> <!-- flush -->
      </class> <!-- ProcurementStages.HODapproval -->
      <class name="ProcurementStages.AccountHeadApprovalOnline">
        <test-method signature="login()[pri:1, instance:ProcurementStages.AccountHeadApprovalOnline@45d84a20]" started-at="2024-05-23T16:56:34 IST" name="login" description="Login as an Account Head" finished-at="2024-05-23T16:56:36 IST" duration-ms="2079" status="PASS">
          <reporter-output>
          </reporter-output>
        </test-method> <!-- login -->
        <test-method signature="requestNotification()[pri:2, instance:ProcurementStages.AccountHeadApprovalOnline@45d84a20]" started-at="2024-05-23T16:56:36 IST" name="requestNotification" description="Opening newly approved request from HOD" finished-at="2024-05-23T16:56:40 IST" duration-ms="4124" status="PASS">
          <reporter-output>
          </reporter-output>
        </test-method> <!-- requestNotification -->
        <test-method signature="vendorDetails()[pri:3, instance:ProcurementStages.AccountHeadApprovalOnline@45d84a20]" started-at="2024-05-23T16:56:40 IST" name="vendorDetails" description="Updating the online vendor details" finished-at="2024-05-23T16:56:41 IST" duration-ms="1310" status="PASS">
          <reporter-output>
          </reporter-output>
        </test-method> <!-- vendorDetails -->
        <test-method signature="requestApproving()[pri:4, instance:ProcurementStages.AccountHeadApprovalOnline@45d84a20]" started-at="2024-05-23T16:56:41 IST" name="requestApproving" description="Approving the updated request by Account Head" finished-at="2024-05-23T16:56:50 IST" duration-ms="9315" status="PASS">
          <reporter-output>
          </reporter-output>
        </test-method> <!-- requestApproving -->
        <test-method signature="flush()[pri:5, instance:ProcurementStages.AccountHeadApprovalOnline@45d84a20]" started-at="2024-05-23T16:56:50 IST" name="flush" description="Ending the approval process from Account Head side" finished-at="2024-05-23T16:56:51 IST" duration-ms="311" status="PASS">
          <reporter-output>
          </reporter-output>
        </test-method> <!-- flush -->
      </class> <!-- ProcurementStages.AccountHeadApprovalOnline -->
      <class name="ProcurementStages.RequesterLogin">
        <test-method is-config="true" signature="browser()[pri:0, instance:ProcurementStages.RequesterLogin@548a24a]" started-at="2024-05-23T16:56:09 IST" name="browser" finished-at="2024-05-23T16:56:13 IST" duration-ms="3746" status="PASS">
          <reporter-output>
          </reporter-output>
        </test-method> <!-- browser -->
        <test-method signature="login()[pri:1, instance:ProcurementStages.RequesterLogin@548a24a]" started-at="2024-05-23T16:56:13 IST" name="login" description="Login as a requester" finished-at="2024-05-23T16:56:15 IST" duration-ms="2108" status="PASS">
          <reporter-output>
          </reporter-output>
        </test-method> <!-- login -->
        <test-method signature="newProcurement()[pri:2, instance:ProcurementStages.RequesterLogin@548a24a]" started-at="2024-05-23T16:56:15 IST" name="newProcurement" description="New procurement submitting as an requester" finished-at="2024-05-23T16:56:18 IST" duration-ms="2530" status="PASS">
          <reporter-output>
          </reporter-output>
        </test-method> <!-- newProcurement -->
        <test-method signature="flush()[pri:3, instance:ProcurementStages.RequesterLogin@548a24a]" started-at="2024-05-23T16:56:18 IST" name="flush" description="Ending the request process from requester side" finished-at="2024-05-23T16:56:18 IST" duration-ms="390" status="PASS">
          <reporter-output>
          </reporter-output>
        </test-method> <!-- flush -->
        <test-method is-config="true" signature="closing()[pri:0, instance:ProcurementStages.RequesterLogin@548a24a]" started-at="2024-05-23T16:56:51 IST" name="closing" finished-at="2024-05-23T16:56:51 IST" duration-ms="343" status="PASS">
          <reporter-output>
          </reporter-output>
        </test-method> <!-- closing -->
      </class> <!-- ProcurementStages.RequesterLogin -->
    </test> <!-- Online test -->
  </suite> <!-- E-Enginnering online new procurement -->
</testng-results>
