<?xml version="1.0" encoding="UTF-8"?>
<!-- Generated by org.testng.reporters.JUnitReportReporter -->
<testsuite hostname="TEPL-THN-WS649" failures="0" tests="5" name="ProcurementStages.AccountHeadApproval" time="23.222" errors="0" timestamp="2024-05-02T12:05:04 IST" skipped="0">
  <testcase classname="ProcurementStages.AccountHeadApproval" name="login" time="4.670"/>
  <system-out/>
  <testcase classname="ProcurementStages.AccountHeadApproval" name="requestNotification" time="4.108"/>
  <system-out/>
  <testcase classname="ProcurementStages.AccountHeadApproval" name="vendorDetails" time="6.324"/>
  <system-out/>
  <testcase classname="ProcurementStages.AccountHeadApproval" name="requestApproving" time="7.798"/>
  <system-out/>
  <testcase classname="ProcurementStages.AccountHeadApproval" name="flush" time="0.322"/>
  <system-out/>
</testsuite> <!-- ProcurementStages.AccountHeadApproval -->
