<?xml version="1.0" encoding="UTF-8"?>
<!-- Generated by org.testng.reporters.JUnitReportReporter -->
<testsuite hostname="TEPL-THN-WS649" failures="0" tests="4" name="RequesterAction.HODapproval" time="15.659" errors="0" timestamp="2024-04-30T17:57:20 IST" skipped="0">
  <testcase classname="RequesterAction.HODapproval" name="login" time="1.123"/>
  <system-out/>
  <testcase classname="RequesterAction.HODapproval" name="requestNotification" time="4.117"/>
  <system-out/>
  <testcase classname="RequesterAction.HODapproval" name="requestApprovalHOD" time="10.135"/>
  <system-out/>
  <testcase classname="RequesterAction.HODapproval" name="flush" time="0.284"/>
  <system-out/>
</testsuite> <!-- RequesterAction.HODapproval -->
