<?xml version="1.0" encoding="UTF-8"?>
<!-- Generated by org.testng.reporters.JUnitReportReporter -->
<testsuite hostname="TEPL-THN-WS649" failures="0" tests="3" name="ProcurementStages.RequesterLogin" time="5.028" errors="0" timestamp="2024-05-23T16:56:51 IST" skipped="0">
  <testcase classname="ProcurementStages.RequesterLogin" name="login" time="2.108"/>
  <system-out/>
  <testcase classname="ProcurementStages.RequesterLogin" name="newProcurement" time="2.530"/>
  <system-out/>
  <testcase classname="ProcurementStages.RequesterLogin" name="flush" time="0.390"/>
  <system-out/>
</testsuite> <!-- ProcurementStages.RequesterLogin -->
