<?xml version="1.0" encoding="UTF-8"?>
<!-- Generated by org.testng.reporters.JUnitReportReporter -->
<testsuite hostname="TEPL-THN-WS649" failures="0" tests="5" name="RequesterAction.AccountHeadApproval" time="19.685" errors="0" timestamp="2024-04-30T17:57:20 IST" skipped="0">
  <testcase classname="RequesterAction.AccountHeadApproval" name="login" time="1.064"/>
  <system-out/>
  <testcase classname="RequesterAction.AccountHeadApproval" name="requestNotification" time="4.121"/>
  <system-out/>
  <testcase classname="RequesterAction.AccountHeadApproval" name="vendorDetails" time="6.332"/>
  <system-out/>
  <testcase classname="RequesterAction.AccountHeadApproval" name="requestApproving" time="7.861"/>
  <system-out/>
  <testcase classname="RequesterAction.AccountHeadApproval" name="flush" time="0.307"/>
  <system-out/>
</testsuite> <!-- RequesterAction.AccountHeadApproval -->
