<?xml version="1.0" encoding="UTF-8"?>
<!-- Generated by org.testng.reporters.JUnitReportReporter -->
<testsuite hostname="TEPL-THN-WS649" failures="0" tests="5" name="ProcurementStages.AccountHeadApprovalOnline" time="17.139" errors="0" timestamp="2024-05-23T16:56:51 IST" skipped="0">
  <testcase classname="ProcurementStages.AccountHeadApprovalOnline" name="login" time="2.079"/>
  <system-out/>
  <testcase classname="ProcurementStages.AccountHeadApprovalOnline" name="requestNotification" time="4.124"/>
  <system-out/>
  <testcase classname="ProcurementStages.AccountHeadApprovalOnline" name="vendorDetails" time="1.310"/>
  <system-out/>
  <testcase classname="ProcurementStages.AccountHeadApprovalOnline" name="requestApproving" time="9.315"/>
  <system-out/>
  <testcase classname="ProcurementStages.AccountHeadApprovalOnline" name="flush" time="0.311"/>
  <system-out/>
</testsuite> <!-- ProcurementStages.AccountHeadApprovalOnline -->
