<?xml version="1.0" encoding="UTF-8"?>
<!-- Generated by org.testng.reporters.JUnitReportReporter -->
<testsuite hostname="TEPL-THN-WS649" failures="0" tests="5" name="ProcurementStages.AccountHeadApprovalOffline" time="26.490" errors="0" timestamp="2024-05-03T12:25:54 IST" skipped="0">
  <testcase classname="ProcurementStages.AccountHeadApprovalOffline" name="login" time="1.419"/>
  <system-out/>
  <testcase classname="ProcurementStages.AccountHeadApprovalOffline" name="requestNotification" time="4.120"/>
  <system-out/>
  <testcase classname="ProcurementStages.AccountHeadApprovalOffline" name="vendorDetails" time="9.919"/>
  <system-out/>
  <testcase classname="ProcurementStages.AccountHeadApprovalOffline" name="requestApproving" time="10.737"/>
  <system-out/>
  <testcase classname="ProcurementStages.AccountHeadApprovalOffline" name="flush" time="0.295"/>
  <system-out/>
</testsuite> <!-- ProcurementStages.AccountHeadApprovalOffline -->
