<?xml version="1.0" encoding="UTF-8"?>
<!-- Generated by org.testng.reporters.JUnitReportReporter -->
<testsuite hostname="TEPL-THN-WS649" failures="0" tests="3" name="RequesterAction.RequesterLogin" time="4.685" errors="0" timestamp="2024-04-30T17:57:20 IST" skipped="0">
  <testcase classname="RequesterAction.RequesterLogin" name="login" time="2.080"/>
  <system-out/>
  <testcase classname="RequesterAction.RequesterLogin" name="newProcurement" time="2.238"/>
  <system-out/>
  <testcase classname="RequesterAction.RequesterLogin" name="flush" time="0.367"/>
  <system-out/>
</testsuite> <!-- RequesterAction.RequesterLogin -->
