<?xml version="1.0" encoding="UTF-8"?>
<!-- Generated by org.testng.reporters.JUnitReportReporter -->
<testsuite hostname="TEPL-THN-WS649" failures="0" tests="4" name="ProcurementStages.HODapproval" time="15.541" errors="0" timestamp="2024-05-23T16:56:51 IST" skipped="0">
  <testcase classname="ProcurementStages.HODapproval" name="login" time="1.104"/>
  <system-out/>
  <testcase classname="ProcurementStages.HODapproval" name="requestNotification" time="4.126"/>
  <system-out/>
  <testcase classname="ProcurementStages.HODapproval" name="requestApprovalHOD" time="10.013"/>
  <system-out/>
  <testcase classname="ProcurementStages.HODapproval" name="flush" time="0.298"/>
  <system-out/>
</testsuite> <!-- ProcurementStages.HODapproval -->
