<?xml version="1.0" encoding="UTF-8"?>
<!-- Generated by org.testng.reporters.JUnitXMLReporter -->
<testsuite ignored="4" hostname="TEPL-THN-WS649" failures="0" tests="12" name="Online test" time="37.804" errors="0" timestamp="2024-05-23T16:56:51 IST">
  <testcase classname="ProcurementStages.RequesterLogin" name="login" time="2.108"/>
  <testcase classname="ProcurementStages.RequesterLogin" name="newProcurement" time="2.53"/>
  <testcase classname="ProcurementStages.RequesterLogin" name="flush" time="0.39"/>
  <testcase classname="ProcurementStages.HODapproval" name="login" time="1.104"/>
  <testcase classname="ProcurementStages.HODapproval" name="requestNotification" time="4.126"/>
  <testcase classname="ProcurementStages.HODapproval" name="requestApprovalHOD" time="10.013"/>
  <testcase classname="ProcurementStages.HODapproval" name="flush" time="0.298"/>
  <testcase classname="ProcurementStages.AccountHeadApprovalOnline" name="login" time="2.079"/>
  <testcase classname="ProcurementStages.AccountHeadApprovalOnline" name="requestNotification" time="4.124"/>
  <testcase classname="ProcurementStages.AccountHeadApprovalOnline" name="vendorDetails" time="1.31"/>
  <testcase classname="ProcurementStages.AccountHeadApprovalOnline" name="requestApproving" time="9.315"/>
  <testcase classname="ProcurementStages.AccountHeadApprovalOnline" name="flush" time="0.311"/>
  <testcase classname="BaseTest.BaseTest" name="@BeforeSuite browser" time="0.0">
    <ignored/>
  </testcase> <!-- @BeforeSuite browser -->
  <testcase classname="BaseTest.BaseTest" name="@BeforeSuite browser" time="0.0">
    <ignored/>
  </testcase> <!-- @BeforeSuite browser -->
  <testcase classname="BaseTest.BaseTest" name="@AfterSuite closing" time="0.0">
    <ignored/>
  </testcase> <!-- @AfterSuite closing -->
  <testcase classname="BaseTest.BaseTest" name="@AfterSuite closing" time="0.0">
    <ignored/>
  </testcase> <!-- @AfterSuite closing -->
</testsuite> <!-- Online test -->
