<?xml version="1.0" encoding="UTF-8"?>
<!-- Generated by org.testng.reporters.JUnitXMLReporter -->
<testsuite ignored="4" hostname="TEPL-THN-WS649" failures="0" tests="12" name="Offline test" time="50.071" errors="0" timestamp="2024-05-03T12:25:54 IST">
  <testcase classname="ProcurementStages.RequesterLogin" name="login" time="4.638"/>
  <testcase classname="ProcurementStages.RequesterLogin" name="newProcurement" time="2.74"/>
  <testcase classname="ProcurementStages.RequesterLogin" name="flush" time="0.384"/>
  <testcase classname="ProcurementStages.HODapproval" name="login" time="1.208"/>
  <testcase classname="ProcurementStages.HODapproval" name="requestNotification" time="4.137"/>
  <testcase classname="ProcurementStages.HODapproval" name="requestApprovalHOD" time="10.083"/>
  <testcase classname="ProcurementStages.HODapproval" name="flush" time="0.287"/>
  <testcase classname="ProcurementStages.AccountHeadApprovalOffline" name="login" time="1.419"/>
  <testcase classname="ProcurementStages.AccountHeadApprovalOffline" name="requestNotification" time="4.12"/>
  <testcase classname="ProcurementStages.AccountHeadApprovalOffline" name="vendorDetails" time="9.919"/>
  <testcase classname="ProcurementStages.AccountHeadApprovalOffline" name="requestApproving" time="10.737"/>
  <testcase classname="ProcurementStages.AccountHeadApprovalOffline" name="flush" time="0.295"/>
  <testcase classname="BaseTest.BaseTest" name="@BeforeSuite browser" time="0.0">
    <ignored/>
  </testcase> <!-- @BeforeSuite browser -->
  <testcase classname="BaseTest.BaseTest" name="@BeforeSuite browser" time="0.0">
    <ignored/>
  </testcase> <!-- @BeforeSuite browser -->
  <testcase classname="BaseTest.BaseTest" name="@AfterSuite closing" time="0.0">
    <ignored/>
  </testcase> <!-- @AfterSuite closing -->
  <testcase classname="BaseTest.BaseTest" name="@AfterSuite closing" time="0.0">
    <ignored/>
  </testcase> <!-- @AfterSuite closing -->
</testsuite> <!-- Offline test -->
