<?xml version="1.0" encoding="UTF-8"?>
<!-- Generated by org.testng.reporters.JUnitXMLReporter -->
<testsuite ignored="4" hostname="TEPL-THN-WS649" failures="0" tests="12" name="Online test" time="34.955" errors="0" timestamp="2024-05-03T09:41:51 IST">
  <testcase classname="ProcurementStages.RequesterLogin" name="login" time="1.074"/>
  <testcase classname="ProcurementStages.RequesterLogin" name="newProcurement" time="2.352"/>
  <testcase classname="ProcurementStages.RequesterLogin" name="flush" time="0.35"/>
  <testcase classname="ProcurementStages.HODapproval" name="login" time="1.111"/>
  <testcase classname="ProcurementStages.HODapproval" name="requestNotification" time="4.127"/>
  <testcase classname="ProcurementStages.HODapproval" name="requestApprovalHOD" time="9.958"/>
  <testcase classname="ProcurementStages.HODapproval" name="flush" time="0.301"/>
  <testcase classname="ProcurementStages.AccountHeadApprovalOnline" name="login" time="1.14"/>
  <testcase classname="ProcurementStages.AccountHeadApprovalOnline" name="requestNotification" time="4.128"/>
  <testcase classname="ProcurementStages.AccountHeadApprovalOnline" name="vendorDetails" time="1.291"/>
  <testcase classname="ProcurementStages.AccountHeadApprovalOnline" name="requestApproving" time="8.691"/>
  <testcase classname="ProcurementStages.AccountHeadApprovalOnline" name="flush" time="0.384"/>
  <testcase classname="BaseTest.BaseTest" name="@BeforeSuite browser" time="0.0">
    <ignored/>
  </testcase> <!-- @BeforeSuite browser -->
  <testcase classname="BaseTest.BaseTest" name="@BeforeSuite browser" time="0.0">
    <ignored/>
  </testcase> <!-- @BeforeSuite browser -->
  <testcase classname="BaseTest.BaseTest" name="@AfterSuite closing" time="0.0">
    <ignored/>
  </testcase> <!-- @AfterSuite closing -->
  <testcase classname="BaseTest.BaseTest" name="@AfterSuite closing" time="0.0">
    <ignored/>
  </testcase> <!-- @AfterSuite closing -->
</testsuite> <!-- Online test -->
